<?xml version="1.0" encoding="UTF-8"?>
<!-- Generated by org.testng.reporters.JUnitReportReporter -->
<testsuite hostname="DESKTOP-EP1U8J0" name="src.SikuliExample" tests="1" failures="0" timestamp="15 Aug 2019 05:36:42 GMT" time="16.682" errors="0">
  <testcase name="testSikuli" time="16.682" classname="src.SikuliExample"/>
</testsuite> <!-- src.SikuliExample -->
