<?xml version="1.0" encoding="UTF-8"?>
<!-- Generated by org.testng.reporters.JUnitReportReporter -->
<testsuite hostname="DESKTOP-EP1U8J0" name="src.InvalidLogin" tests="2" failures="0" timestamp="28 Apr 2019 03:41:35 GMT" time="27.896" errors="0">
  <testcase name="testInvalidLogin" time="9.660" classname="src.InvalidLogin"/>
  <testcase name="testInvalidLogin" time="18.236" classname="src.InvalidLogin"/>
</testsuite> <!-- src.InvalidLogin -->
