<?xml version="1.0" encoding="UTF-8"?>
<!-- Generated by org.testng.reporters.JUnitReportReporter -->
<testsuite hostname="DESKTOP-EP1U8J0" name="databae.DatabaseConnect" tests="1" failures="0" timestamp="1 Mar 2019 02:02:19 GMT" time="3.203" errors="0">
  <testcase name="connectDatabase" time="3.203" classname="databae.DatabaseConnect"/>
</testsuite> <!-- databae.DatabaseConnect -->
