<?xml version="1.0" encoding="UTF-8"?>
<!-- Generated by org.testng.reporters.JUnitReportReporter -->
<testsuite hostname="DESKTOP-EP1U8J0" name="src.ValidLogin" tests="1" failures="0" timestamp="28 Apr 2019 03:43:31 GMT" time="15.869" errors="0">
  <testcase name="testValidLogin" time="15.869" classname="src.ValidLogin"/>
</testsuite> <!-- src.ValidLogin -->
